TN:
SF:C:\Users\wictor\Documents\Wictor\Workspace\Github\planningPoker\src\polyfills.ts
FNF:0
FNH:0
LF:0
LH:0
BRF:0
BRH:0
end_of_record
TN:
SF:C:\Users\wictor\Documents\Wictor\Workspace\Github\planningPoker\src\test.ts
FNF:0
FNH:0
DA:13,1
DA:18,1
DA:20,1
LF:3
LH:3
BRF:0
BRH:0
end_of_record
TN:
SF:C:\Users\wictor\Documents\Wictor\Workspace\Github\planningPoker\src\app\app.component.ts
FN:3,(anonymous_0)
FNF:1
FNH:1
FNDA:2,(anonymous_0)
DA:8,1
DA:9,2
LF:2
LH:2
BRF:0
BRH:0
end_of_record
TN:
SF:C:\Users\wictor\Documents\Wictor\Workspace\Github\planningPoker\src\app\classes\fibonacci.model.ts
FNF:0
FNH:0
LF:0
LH:0
BRF:0
BRH:0
end_of_record
TN:
SF:C:\Users\wictor\Documents\Wictor\Workspace\Github\planningPoker\src\app\classes\room.model.ts
FNF:0
FNH:0
LF:0
LH:0
BRF:0
BRH:0
end_of_record
TN:
SF:C:\Users\wictor\Documents\Wictor\Workspace\Github\planningPoker\src\app\components\fibonacci-deck\fibonacci-deck.component.ts
FN:87,(anonymous_0)
FN:89,(anonymous_1)
FN:92,(anonymous_2)
FNF:3
FNH:3
FNDA:2,(anonymous_0)
FNDA:2,(anonymous_1)
FNDA:1,(anonymous_2)
DA:9,1
DA:11,2
DA:13,2
DA:19,2
DA:93,1
DA:94,1
LF:6
LH:6
BRF:0
BRH:0
end_of_record
TN:
SF:C:\Users\wictor\Documents\Wictor\Workspace\Github\planningPoker\src\app\components\loading\loading.component.ts
FN:10,(anonymous_0)
FN:12,(anonymous_1)
FNF:2
FNH:2
FNDA:1,(anonymous_0)
FNDA:1,(anonymous_1)
DA:8,1
LF:1
LH:1
BRF:0
BRH:0
end_of_record
TN:
SF:C:\Users\wictor\Documents\Wictor\Workspace\Github\planningPoker\src\app\guards\user-logged.guard.ts
FN:12,(anonymous_0)
FN:19,(anonymous_1)
FN:20,(anonymous_2)
FNF:3
FNH:3
FNDA:3,(anonymous_0)
FNDA:2,(anonymous_1)
FNDA:2,(anonymous_2)
DA:10,1
DA:13,3
DA:14,3
DA:20,2
DA:21,2
LF:5
LH:5
BRDA:21,0,0,1
BRDA:21,0,1,1
BRF:2
BRH:2
end_of_record
TN:
SF:C:\Users\wictor\Documents\Wictor\Workspace\Github\planningPoker\src\app\helper\form.helper.ts
FN:5,(anonymous_0)
FN:9,(anonymous_1)
FN:10,(anonymous_2)
FNF:3
FNH:3
FNDA:6,(anonymous_0)
FNDA:5,(anonymous_1)
FNDA:6,(anonymous_2)
DA:6,6
DA:10,5
DA:11,6
DA:12,6
LF:4
LH:4
BRDA:6,0,0,6
BRDA:6,0,1,3
BRDA:6,0,2,2
BRDA:12,1,0,1
BRDA:12,1,1,5
BRF:5
BRH:5
end_of_record
TN:
SF:C:\Users\wictor\Documents\Wictor\Workspace\Github\planningPoker\src\app\pages\login\login.component.ts
FN:13,(anonymous_0)
FN:19,(anonymous_1)
FN:22,(anonymous_2)
FN:23,(anonymous_3)
FN:25,(anonymous_4)
FN:28,(anonymous_5)
FN:32,(anonymous_6)
FNF:7
FNH:7
FNDA:5,(anonymous_0)
FNDA:5,(anonymous_1)
FNDA:2,(anonymous_2)
FNDA:1,(anonymous_3)
FNDA:1,(anonymous_4)
FNDA:2,(anonymous_5)
FNDA:1,(anonymous_6)
DA:11,1
DA:14,5
DA:15,5
DA:23,2
DA:24,1
DA:25,1
DA:29,2
DA:33,1
LF:8
LH:8
BRF:0
BRH:0
end_of_record
TN:
SF:C:\Users\wictor\Documents\Wictor\Workspace\Github\planningPoker\src\app\pages\main\main.component.ts
FN:10,(anonymous_0)
FN:12,(anonymous_1)
FNF:2
FNH:2
FNDA:1,(anonymous_0)
FNDA:1,(anonymous_1)
DA:8,1
LF:1
LH:1
BRF:0
BRH:0
end_of_record
TN:
SF:C:\Users\wictor\Documents\Wictor\Workspace\Github\planningPoker\src\app\pages\main\menu\menu.component.ts
FN:12,(anonymous_0)
FN:17,(anonymous_1)
FN:20,(anonymous_2)
FNF:3
FNH:3
FNDA:2,(anonymous_0)
FNDA:2,(anonymous_1)
FNDA:1,(anonymous_2)
DA:10,1
DA:13,2
DA:14,2
DA:21,1
DA:22,1
LF:5
LH:5
BRF:0
BRH:0
end_of_record
TN:
SF:C:\Users\wictor\Documents\Wictor\Workspace\Github\planningPoker\src\app\pages\risk-matrix\risk-matrix.component.ts
FN:14,(anonymous_0)
FN:16,(anonymous_1)
FN:19,(anonymous_2)
FN:23,(anonymous_3)
FN:27,(anonymous_4)
FN:32,(anonymous_5)
FN:37,(anonymous_6)
FNF:7
FNH:7
FNDA:8,(anonymous_0)
FNDA:8,(anonymous_1)
FNDA:2,(anonymous_2)
FNDA:2,(anonymous_3)
FNDA:1,(anonymous_4)
FNDA:1,(anonymous_5)
FNDA:1,(anonymous_6)
DA:8,1
DA:10,8
DA:11,8
DA:12,8
DA:20,2
DA:24,2
DA:28,1
DA:29,1
DA:33,1
DA:34,1
DA:38,1
LF:11
LH:11
BRDA:20,0,0,1
BRDA:20,0,1,1
BRDA:24,1,0,1
BRDA:24,1,1,1
BRF:4
BRH:4
end_of_record
TN:
SF:C:\Users\wictor\Documents\Wictor\Workspace\Github\planningPoker\src\app\pages\rooms\rooms.component.ts
FN:16,(anonymous_0)
FN:20,(anonymous_1)
FN:24,(anonymous_2)
FN:28,(anonymous_3)
FN:29,(anonymous_4)
FN:35,(anonymous_5)
FN:41,(anonymous_6)
FN:47,(anonymous_7)
FNF:8
FNH:8
FNDA:4,(anonymous_0)
FNDA:4,(anonymous_1)
FNDA:5,(anonymous_2)
FNDA:4,(anonymous_3)
FNDA:4,(anonymous_4)
FNDA:1,(anonymous_5)
FNDA:4,(anonymous_6)
FNDA:9,(anonymous_7)
DA:11,1
DA:13,4
DA:16,4
DA:17,4
DA:25,5
DA:26,5
DA:27,5
DA:28,4
DA:30,4
DA:31,4
DA:36,1
DA:37,1
DA:38,1
DA:42,4
DA:48,9
LF:15
LH:15
BRF:0
BRH:0
end_of_record
TN:
SF:C:\Users\wictor\Documents\Wictor\Workspace\Github\planningPoker\src\app\pages\rooms\rooms-form\rooms-form.component.ts
FN:20,(anonymous_0)
FN:23,(anonymous_1)
FN:27,(anonymous_2)
FN:38,(anonymous_3)
FN:45,(anonymous_4)
FN:49,(anonymous_5)
FN:63,(anonymous_6)
FN:64,(anonymous_7)
FN:67,(anonymous_8)
FNF:9
FNH:9
FNDA:7,(anonymous_0)
FNDA:7,(anonymous_1)
FNDA:2,(anonymous_2)
FNDA:1,(anonymous_3)
FNDA:1,(anonymous_4)
FNDA:3,(anonymous_5)
FNDA:2,(anonymous_6)
FNDA:1,(anonymous_7)
FNDA:3,(anonymous_8)
DA:13,1
DA:15,1
DA:16,7
DA:17,7
DA:18,7
DA:20,7
DA:28,2
DA:29,1
DA:30,1
DA:39,1
DA:40,1
DA:46,1
DA:50,3
DA:51,3
DA:52,3
DA:53,1
DA:54,1
DA:56,2
DA:57,1
DA:58,1
DA:60,1
DA:64,2
DA:68,3
LF:23
LH:23
BRDA:28,0,0,1
BRDA:28,0,1,1
BRDA:52,1,0,1
BRDA:52,1,1,2
BRDA:56,2,0,1
BRDA:56,2,1,1
BRF:6
BRH:6
end_of_record
TN:
SF:C:\Users\wictor\Documents\Wictor\Workspace\Github\planningPoker\src\app\pages\rooms\rooms-list\rooms-list.component.ts
FN:14,(anonymous_0)
FN:16,(anonymous_1)
FN:18,(anonymous_2)
FNF:3
FNH:3
FNDA:2,(anonymous_0)
FNDA:2,(anonymous_1)
FNDA:1,(anonymous_2)
DA:10,1
DA:12,1
DA:14,2
DA:19,1
LF:4
LH:4
BRF:0
BRH:0
end_of_record
TN:
SF:C:\Users\wictor\Documents\Wictor\Workspace\Github\planningPoker\src\app\pages\tasks\tasks.component.ts
FN:22,(anonymous_0)
FN:30,(anonymous_1)
FN:34,(anonymous_2)
FN:39,(anonymous_3)
FN:44,(anonymous_4)
FN:49,(anonymous_5)
FN:53,(anonymous_6)
FN:59,(anonymous_7)
FN:65,(anonymous_8)
FN:69,(anonymous_9)
FN:70,(anonymous_10)
FN:70,(anonymous_11)
FNF:12
FNH:12
FNDA:8,(anonymous_0)
FNDA:8,(anonymous_1)
FNDA:8,(anonymous_2)
FNDA:1,(anonymous_3)
FNDA:2,(anonymous_4)
FNDA:1,(anonymous_5)
FNDA:1,(anonymous_6)
FNDA:1,(anonymous_7)
FNDA:1,(anonymous_8)
FNDA:2,(anonymous_9)
FNDA:3,(anonymous_10)
FNDA:3,(anonymous_11)
DA:13,1
DA:16,8
DA:18,8
DA:23,8
DA:24,8
DA:25,8
DA:27,8
DA:31,8
DA:35,8
DA:36,8
DA:40,1
DA:41,1
DA:45,2
DA:46,1
DA:50,1
DA:54,1
DA:55,1
DA:56,1
DA:60,1
DA:61,1
DA:62,1
DA:66,1
DA:70,3
LF:23
LH:23
BRDA:45,0,0,1
BRDA:45,0,1,1
BRF:2
BRH:2
end_of_record
TN:
SF:C:\Users\wictor\Documents\Wictor\Workspace\Github\planningPoker\src\app\pages\votes\votes.component.ts
FN:20,(anonymous_0)
FN:26,(anonymous_1)
FN:31,(anonymous_2)
FN:32,(anonymous_3)
FN:35,(anonymous_4)
FN:39,(anonymous_5)
FN:42,(anonymous_6)
FN:51,(anonymous_7)
FNF:8
FNH:8
FNDA:6,(anonymous_0)
FNDA:1,(anonymous_1)
FNDA:1,(anonymous_2)
FNDA:1,(anonymous_3)
FNDA:3,(anonymous_4)
FNDA:2,(anonymous_5)
FNDA:2,(anonymous_6)
FNDA:1,(anonymous_7)
DA:14,1
DA:17,6
DA:18,6
DA:21,6
DA:22,6
DA:23,6
DA:27,1
DA:28,1
DA:32,1
DA:36,3
DA:40,2
DA:41,2
DA:43,2
DA:44,2
DA:45,2
DA:46,2
DA:47,2
DA:52,1
LF:18
LH:18
BRDA:45,0,0,1
BRDA:45,0,1,1
BRF:2
BRH:2
end_of_record
TN:
SF:C:\Users\wictor\Documents\Wictor\Workspace\Github\planningPoker\src\app\pages\votes\votes-average\votes-average.component.ts
FN:13,(anonymous_0)
FN:15,(anonymous_1)
FNF:2
FNH:2
FNDA:1,(anonymous_0)
FNDA:1,(anonymous_1)
DA:9,1
DA:11,1
LF:2
LH:2
BRF:0
BRH:0
end_of_record
TN:
SF:C:\Users\wictor\Documents\Wictor\Workspace\Github\planningPoker\src\app\pages\votes\votes-cards\votes-cards.component.ts
FN:14,(anonymous_0)
FN:16,(anonymous_1)
FNF:2
FNH:2
FNDA:1,(anonymous_0)
FNDA:1,(anonymous_1)
DA:9,1
DA:11,1
DA:12,1
LF:3
LH:3
BRF:0
BRH:0
end_of_record
TN:
SF:C:\Users\wictor\Documents\Wictor\Workspace\Github\planningPoker\src\app\pages\votes\votes-controls\votes-controls.component.ts
FN:17,(anonymous_0)
FN:22,(anonymous_1)
FN:26,(anonymous_2)
FN:30,(anonymous_3)
FN:38,(anonymous_4)
FN:43,(anonymous_5)
FN:50,(anonymous_6)
FN:55,(anonymous_7)
FN:60,(anonymous_8)
FN:66,(anonymous_9)
FN:67,(anonymous_10)
FN:67,(anonymous_11)
FN:68,(anonymous_12)
FN:72,(anonymous_13)
FN:78,(anonymous_14)
FN:83,(anonymous_15)
FN:87,(anonymous_16)
FN:91,(anonymous_17)
FNF:18
FNH:18
FNDA:19,(anonymous_0)
FNDA:19,(anonymous_1)
FNDA:39,(anonymous_2)
FNDA:42,(anonymous_3)
FNDA:1,(anonymous_4)
FNDA:1,(anonymous_5)
FNDA:1,(anonymous_6)
FNDA:1,(anonymous_7)
FNDA:2,(anonymous_8)
FNDA:2,(anonymous_9)
FNDA:3,(anonymous_10)
FNDA:3,(anonymous_11)
FNDA:2,(anonymous_12)
FNDA:2,(anonymous_13)
FNDA:6,(anonymous_14)
FNDA:1,(anonymous_15)
FNDA:1,(anonymous_16)
FNDA:1,(anonymous_17)
DA:11,1
DA:13,1
DA:14,19
DA:18,19
DA:19,19
DA:23,19
DA:27,39
DA:31,42
DA:32,42
DA:33,41
DA:34,40
DA:35,1
DA:39,1
DA:40,1
DA:44,1
DA:45,1
DA:46,1
DA:47,1
DA:51,1
DA:52,1
DA:56,1
DA:57,1
DA:61,2
DA:62,2
DA:63,1
DA:67,3
DA:68,2
DA:69,2
DA:73,2
DA:74,2
DA:75,1
DA:79,6
DA:80,6
DA:84,1
DA:88,1
DA:92,1
LF:36
LH:36
BRDA:27,0,0,38
BRDA:27,0,1,1
BRDA:27,1,0,39
BRDA:27,1,1,39
BRDA:31,2,0,41
BRDA:31,2,1,1
BRDA:32,3,0,41
BRDA:32,3,1,1
BRDA:33,4,0,40
BRDA:33,4,1,1
BRDA:34,5,0,1
BRDA:34,5,1,39
BRDA:62,6,0,1
BRDA:62,6,1,1
BRDA:67,7,0,3
BRDA:67,7,1,3
BRDA:68,8,0,1
BRDA:68,8,1,1
BRDA:74,9,0,1
BRDA:74,9,1,1
BRF:20
BRH:20
end_of_record
TN:
SF:C:\Users\wictor\Documents\Wictor\Workspace\Github\planningPoker\src\app\pages\votes\votes-deck\votes-deck.component.ts
FN:20,(anonymous_0)
FN:25,(anonymous_1)
FN:29,(anonymous_2)
FN:30,(anonymous_3)
FN:33,(anonymous_4)
FN:39,(anonymous_5)
FN:40,(anonymous_6)
FN:43,(anonymous_7)
FN:47,(anonymous_8)
FN:53,(anonymous_9)
FN:57,(anonymous_10)
FNF:11
FNH:11
FNDA:9,(anonymous_0)
FNDA:9,(anonymous_1)
FNDA:9,(anonymous_2)
FNDA:9,(anonymous_3)
FNDA:2,(anonymous_4)
FNDA:1,(anonymous_5)
FNDA:1,(anonymous_6)
FNDA:1,(anonymous_7)
FNDA:1,(anonymous_8)
FNDA:2,(anonymous_9)
FNDA:1,(anonymous_10)
DA:15,1
DA:17,1
DA:21,9
DA:22,9
DA:26,9
DA:30,9
DA:34,2
DA:35,2
DA:36,2
DA:40,1
DA:44,1
DA:48,1
DA:54,2
DA:58,1
LF:14
LH:14
BRDA:35,0,0,1
BRDA:35,0,1,1
BRDA:54,1,0,2
BRDA:54,1,1,1
BRF:4
BRH:4
end_of_record
TN:
SF:C:\Users\wictor\Documents\Wictor\Workspace\Github\planningPoker\src\app\services\room.service.ts
FN:10,(anonymous_0)
FN:12,(anonymous_1)
FN:16,(anonymous_2)
FNF:3
FNH:3
FNDA:3,(anonymous_0)
FNDA:1,(anonymous_1)
FNDA:1,(anonymous_2)
DA:8,1
DA:10,3
DA:13,1
DA:17,1
LF:4
LH:4
BRF:0
BRH:0
end_of_record
TN:
SF:C:\Users\wictor\Documents\Wictor\Workspace\Github\planningPoker\src\app\services\user.service.ts
FN:13,(anonymous_0)
FN:18,(anonymous_1)
FN:22,(anonymous_2)
FN:23,(anonymous_3)
FN:28,(anonymous_4)
FN:29,(anonymous_5)
FN:32,(anonymous_6)
FN:38,(anonymous_7)
FN:43,(anonymous_8)
FN:51,(anonymous_9)
FNF:10
FNH:10
FNDA:9,(anonymous_0)
FNDA:1,(anonymous_1)
FNDA:1,(anonymous_2)
FNDA:1,(anonymous_3)
FNDA:1,(anonymous_4)
FNDA:1,(anonymous_5)
FNDA:2,(anonymous_6)
FNDA:1,(anonymous_7)
FNDA:1,(anonymous_8)
FNDA:1,(anonymous_9)
DA:11,1
DA:14,9
DA:15,9
DA:19,1
DA:23,1
DA:24,1
DA:29,1
DA:33,2
DA:34,1
DA:39,1
DA:40,1
DA:44,1
DA:52,1
LF:13
LH:13
BRDA:33,0,0,1
BRDA:33,0,1,1
BRF:2
BRH:2
end_of_record
